0 info it worked if it ends with ok
1 verbose cli [ '/home/jon/.nvm/versions/io.js/v3.3.0/bin/iojs',
1 verbose cli   '/home/jon/.nvm/versions/io.js/v3.3.0/bin/npm',
1 verbose cli   'version',
1 verbose cli   'patch' ]
2 info using npm@2.14.2
3 info using node@v3.3.0
4 info git [ 'status', '--porcelain' ]
5 verbose stack Error: Git working directory not clean.
5 verbose stack A  package.json
5 verbose stack     at /home/jon/.nvm/versions/io.js/v3.3.0/lib/node_modules/npm/lib/version.js:171:21
5 verbose stack     at ChildProcess.exithandler (child_process.js:188:7)
5 verbose stack     at emitTwo (events.js:87:13)
5 verbose stack     at ChildProcess.emit (events.js:172:7)
5 verbose stack     at maybeClose (internal/child_process.js:764:16)
5 verbose stack     at Socket.<anonymous> (internal/child_process.js:319:11)
5 verbose stack     at emitOne (events.js:77:13)
5 verbose stack     at Socket.emit (events.js:169:7)
5 verbose stack     at Pipe._onclose (net.js:469:12)
6 verbose cwd /home/jon/devinstall
7 error Linux 3.16.0-34-generic
8 error argv "/home/jon/.nvm/versions/io.js/v3.3.0/bin/iojs" "/home/jon/.nvm/versions/io.js/v3.3.0/bin/npm" "version" "patch"
9 error node v3.3.0
10 error npm  v2.14.2
11 error Git working directory not clean.
11 error A  package.json
12 error If you need help, you may report this error at:
12 error     <https://github.com/npm/npm/issues>
13 verbose exit [ 1, true ]
